Ansys Lumerical 2023 R2.3 FDTD Solver Version 8.30.3578 (Windows 64bit)
 expires (month/day/year): 3/14/2025
using config file: Ansys Licensing set with ANSYSLMD_LICENSE_FILE
license host: 1056@128.195.215.195
current time: Tue Jul 16 15:46:46 2024
Running on host: DESKTOP-M8BD43V
host available memory (GB): 112.636994
All processes are communicating and ready to proceed to simulation...
Running fsp file: C:\Program Files\Lumerical\v232\bin\fdtd-engine-msmpi.exe -t 1 -remote -shared-solve-license QU5TWVNfTElDRU5TSU5HX0NPTlRFWFRfREFUQT08QU5TWVNfTElDRU5TSU5HX0NPTlRFWFRfREFUQT48SUQ+YzZmM2NmY2QtOWZmZi00M2UwLWIxNDItOGUyODA1Nzc4YjAwPC9JRD48VFlQRT5BUFBfREVGSU5FRDwvVFlQRT48TkFNRT5sdW1fc3RhbmRhcmRfc29sdmVfc2hhcmU8L05BTUU+PEhBTkRMRVI+NTMxOTRAREVTS1RPUC1NOEJENDNWPC9IQU5ETEVSPjwvQU5TWVNfTElDRU5TSU5HX0NPTlRFWFRfREFUQT4K C:/Users/wwwda/Desktop/Grating Coupler GLOnet/pid_grating_coupler_2D_final.fsp
number of processors is 14
processors are distributed as: 7x2x1
Running 2D Simulation
Starting meshing
Simulation size in gridpoints: 217 x 136 x 1
Completed meshing!
Meshing complete in 0.015625 seconds of CPU time
0 0
Starting meshing
Simulation size in gridpoints: 217 x 136 x 1
Completed meshing!
Meshing complete in 0 seconds of CPU time
0 0
finished material properties
Selected kernel with optimization level: 2 and split-field propagation direction: 0
Starting meshing
Simulation size in gridpoints: 217 x 136 x 1
Completed meshing!
Meshing complete in 0 seconds of CPU time
0 0
Selected kernel with optimization level: 2 and split-field propagation direction: 0
-----------------------------------------
Beginning initialization of 2D FDTD Simulation
  Including TE Simulation
Starting to add sources to simulation

Adding Gaussian source propagating in X
Starting to add boundary conditions to simulation
Adding PML BC
Adding parallel BC
Adding PML BC
Adding parallel BC
Starting to add monitors to Simulation
Adding analysis monitor
Adding frequency monitor
Adding frequency monitor
Finished initialization of 2D Simulation
-----------------------------------------
All processes are communicating and ready to proceed to simulation...
Starting 107063 total iterations
0.0448333% complete. Elapsed simulation time: 2.24167e-15 secs. Max time remaining: 24 secs. Auto Shutoff: 1
1.89794% complete. Elapsed simulation time: 9.48972e-14 secs. Max time remaining: 24 secs. Auto Shutoff: 1
3.81083% complete. Elapsed simulation time: 1.90542e-13 secs. Max time remaining: 23 secs. Auto Shutoff: 1.81113
7.63661% complete. Elapsed simulation time: 3.8183e-13 secs. Max time remaining: 22 secs. Auto Shutoff: 0.000607442
11.9499% complete. Elapsed simulation time: 5.97497e-13 secs. Max time remaining: 20 secs. Auto Shutoff: 8.50363e-08
100% complete. Max time remaining: 0 mins, 0 secs. Auto Shutoff: 8.50363e-08
Early termination of simulation, the autoshutoff criteria are satisfied.
Completed 12794 iterations, or 5.974971e-13s of Simulation Time
Process 0 starting to collect data
    collecting TM monitor data
    collecting TE monitor data
    collecting TM source data
    collecting TE source data
Finished collecting data
Simulation completed successfully at: Tue Jul 16 15:46:49 2024
Overall wall time measurements in seconds: 3.49033
    time to mesh and initialize: 0.0520478
    time to run FDTD simulation: 2.7703
    time to checkpoint simulation: 0
    time to finalize data and save to files: 0.011025
    miscellaneous time: 0.656952
    FDTD solver speed on process 0: 136.294 Mnodes/s
    total FDTD solver speed on 14 processes: 1908.12 Mnodes/s
